<?xml version="1.0" encoding="UTF-8"?>
<!-- Generated by org.testng.reporters.JUnitReportReporter -->
<testsuite hostname="LAPTOP-H415PJ3H" failures="0" tests="1" name="com.automation.Login" time="27.582" errors="0" timestamp="19 Jun 2021 13:20:58 GMT" skipped="0">
  <testcase classname="com.automation.Login" name="Test" time="27.582"/>
</testsuite> <!-- com.automation.Login -->
